internal/validators.js:124
    throw new ERR_INVALID_ARG_TYPE(name, 'string', value);
    ^

TypeError [ERR_INVALID_ARG_TYPE]: The "url" argument must be of type string. Received undefined
    at validateString (internal/validators.js:124:11)
    at Url.parse (url.js:160:3)
    at Object.urlParse [as parse] (url.js:155:13)
    at AnalysisLSPServer.handle_file_event (C:\Users\zyh23\.IntelliJIdea2019.2\config\plugins\org.jboss.tools.intellij.analytics\lib\server\server.js:90:29)
    at Timeout._onTimeout (C:\Users\zyh23\.IntelliJIdea2019.2\config\plugins\org.jboss.tools.intellij.analytics\lib\server\server.js:276:16)
    at listOnTimeout (internal/timers.js:554:17)
    at processTimers (internal/timers.js:497:7) {
  code: 'ERR_INVALID_ARG_TYPE'
}
internal/validators.js:124
    throw new ERR_INVALID_ARG_TYPE(name, 'string', value);
    ^

TypeError [ERR_INVALID_ARG_TYPE]: The "url" argument must be of type string. Received undefined
    at validateString (internal/validators.js:124:11)
    at Url.parse (url.js:160:3)
    at Object.urlParse [as parse] (url.js:155:13)
    at AnalysisLSPServer.handle_file_event (C:\Users\zyh23\.IntelliJIdea2019.2\config\plugins\org.jboss.tools.intellij.analytics\lib\server\server.js:90:29)
    at Timeout._onTimeout (C:\Users\zyh23\.IntelliJIdea2019.2\config\plugins\org.jboss.tools.intellij.analytics\lib\server\server.js:276:16)
    at listOnTimeout (internal/timers.js:554:17)
    at processTimers (internal/timers.js:497:7) {
  code: 'ERR_INVALID_ARG_TYPE'
}
internal/validators.js:124
    throw new ERR_INVALID_ARG_TYPE(name, 'string', value);
    ^

TypeError [ERR_INVALID_ARG_TYPE]: The "url" argument must be of type string. Received undefined
    at validateString (internal/validators.js:124:11)
    at Url.parse (url.js:160:3)
    at Object.urlParse [as parse] (url.js:155:13)
    at AnalysisLSPServer.handle_file_event (C:\Users\zyh23\.IntelliJIdea2019.2\config\plugins\org.jboss.tools.intellij.analytics\lib\server\server.js:90:29)
    at Timeout._onTimeout (C:\Users\zyh23\.IntelliJIdea2019.2\config\plugins\org.jboss.tools.intellij.analytics\lib\server\server.js:276:16)
    at listOnTimeout (internal/timers.js:554:17)
    at processTimers (internal/timers.js:497:7) {
  code: 'ERR_INVALID_ARG_TYPE'
}
